<?xml version="1.0" encoding="UTF-8"?>
<testng-results ignored="0" total="1" passed="1" failed="0" skipped="0">
  <reporter-output>
  </reporter-output>
  <suite started-at="2024-03-11T11:11:53 IST" name="Default suite" finished-at="2024-03-11T11:11:57 IST" duration-ms="4120">
    <groups>
    </groups>
    <test started-at="2024-03-11T11:11:53 IST" name="Default test" finished-at="2024-03-11T11:11:57 IST" duration-ms="4120">
      <class name="pageObjects.homePage">
        <test-method signature="openPage()[pri:0, instance:pageObjects.homePage@6e171cd7]" started-at="2024-03-11T11:11:53 IST" name="openPage" finished-at="2024-03-11T11:11:57 IST" duration-ms="4083" status="PASS">
          <reporter-output>
          </reporter-output>
        </test-method> <!-- openPage -->
      </class> <!-- pageObjects.homePage -->
    </test> <!-- Default test -->
  </suite> <!-- Default suite -->
</testng-results>
